<testsuite name="Mocha Tests" tests="2" failures="0" errors="0" skipped="0" timestamp="Sat, 22 Aug 2020 12:52:42 GMT" time="0.003">
<testcase classname="Array1 #indexOf()" name="should return -1 when the value is not present" time="0.001"/>
<testcase classname="Array1 #indexOf()" name="should return -1 when the value is not present" time="0"/>
</testsuite>
