<testsuite name="Mocha Tests" tests="4" failures="0" errors="0" skipped="0" timestamp="Thu, 21 May 2020 17:08:10 GMT" time="0.005">
<testcase classname="Array #indexOf()" name="should return -1 when the value is not present" time="0"/>
<testcase classname="Array #indexOf()" name="should return -1 when the value is not present" time="0"/>
<testcase classname="Array #indexOf()" name="should return -1 when the value is not present" time="0"/>
<testcase classname="Array #indexOf()" name="should return -1 when the value is not present" time="0"/>
</testsuite>
